number,value,params_lambda,params_w,user_attrs_accuracy
0,0.9642857142857143,0.4770955426902943,12,0.9642857142857143
1,0.9285714285714286,0.3252461227020729,26,0.9285714285714286
2,0.4642857142857143,65.32236272948677,137,0.4642857142857143
3,0.5,105.56583042781374,109,0.5
4,0.75,0.014095675662811422,132,0.75
5,0.75,0.0694229925001533,131,0.75
6,0.9285714285714286,0.12941669028717606,53,0.9285714285714286
7,0.75,0.024129063511158826,122,0.75
8,0.8571428571428571,51.976045943082795,10,0.8571428571428571
9,0.5714285714285714,3.607516878615938,68,0.5714285714285714
10,0.42857142857142855,0.0019791057789794076,41,0.42857142857142855
11,0.8928571428571429,1.5043951423423654,13,0.8928571428571429
12,0.6785714285714286,0.8701864882196089,31,0.6785714285714286
13,0.6428571428571429,7.8676871353178734,95,0.6428571428571429
14,0.9642857142857143,0.254673980942351,24,0.9642857142857143
15,0.21428571428571427,0.005027397040495552,1,0.21428571428571427
16,0.75,0.23718171430659607,59,0.75
17,0.6071428571428571,9.970957050790892,84,0.6071428571428571
18,0.8571428571428571,0.03624379093106007,40,0.8571428571428571
19,0.8214285714285714,0.902733946308567,20,0.8214285714285714
20,0.5357142857142857,18.896060055809645,50,0.5357142857142857
21,0.8571428571428571,0.45843811343323154,32,0.8571428571428571
22,0.9642857142857143,0.1375017732454008,24,0.9642857142857143
23,1.0,0.08450528861598218,4,1.0
24,0.7142857142857143,0.007540883143616579,4,0.7142857142857143
25,0.8571428571428571,2.0904649570641047,15,0.8571428571428571
26,1.0,0.07223188378327038,2,1.0
27,1.0,0.05128691991101827,1,1.0
28,0.17857142857142858,0.0010085325695995176,2,0.17857142857142858
29,1.0,0.055765374543471226,11,1.0
30,0.8571428571428571,0.015525699180796023,35,0.8571428571428571
31,1.0,0.06854490321940444,11,1.0
32,1.0,0.047803026617388604,8,1.0
33,1.0,0.11890842386718697,18,1.0
34,1.0,0.017732494184248417,1,1.0
35,1.0,0.009491016701134754,17,1.0
36,0.5,0.0035133910686328323,25,0.5
37,1.0,0.028478468757968587,10,1.0
38,0.8928571428571429,0.07102729457653138,46,0.8928571428571429
39,0.8928571428571429,0.16223079921472358,29,0.8928571428571429
40,0.6071428571428571,0.49260389065905713,66,0.6071428571428571
41,1.0,0.07065866900771194,9,1.0
42,1.0,0.054444665354677735,9,1.0
43,1.0,0.08431223830107352,18,1.0
44,1.0,0.022555027186993492,8,1.0
45,0.7857142857142857,0.036821562298539494,79,0.7857142857142857
46,0.7142857142857143,0.25015673853010606,122,0.7142857142857143
47,0.8571428571428571,0.1096699251904698,37,0.8571428571428571
48,1.0,0.009324962850084861,14,1.0
49,0.8214285714285714,0.6580890346218057,22,0.8214285714285714
50,1.0,0.18318736753356096,4,1.0
51,1.0,0.04667399411601247,7,1.0
52,1.0,0.03599169213654989,13,1.0
53,1.0,0.34392914859176127,1,1.0
54,0.8928571428571429,0.05387880368178743,27,0.8928571428571429
55,0.7857142857142857,0.014167644480328465,103,0.7857142857142857
56,0.7142857142857143,0.11010542533698445,142,0.7142857142857143
57,1.0,0.02422017789019517,13,1.0
58,1.0,0.09278680666033651,6,1.0
59,0.9642857142857143,0.2194568774451777,21,0.9642857142857143
60,0.21428571428571427,0.006042742722514661,6,0.21428571428571427
61,1.0,0.14657257044147343,18,1.0
62,1.0,0.049465422743337935,13,1.0
63,1.0,0.03168950063938409,17,1.0
64,1.0,139.00144509481035,1,1.0
65,0.9285714285714286,0.39967704839105217,22,0.9285714285714286
66,0.8928571428571429,0.08000011141948227,29,0.8928571428571429
67,1.0,0.1303093300748624,9,1.0
68,0.8571428571428571,0.054039543180087725,34,0.8571428571428571
69,1.0,0.020607996967228905,6,1.0
70,0.9285714285714286,1.181445048762524,12,0.9285714285714286
71,1.0,0.01463949329128509,1,1.0
72,1.0,0.009802821389337047,4,1.0
73,1.0,0.021398749596412695,17,1.0
74,0.25,0.003129803908936087,10,0.25
75,1.0,0.043219463455806024,15,1.0
76,1.0,0.0655820465274476,4,1.0
77,0.9642857142857143,0.28190885737463195,25,0.9642857142857143
78,1.0,0.09330688618155289,10,1.0
79,1.0,0.017466270792667472,1,1.0
80,0.9642857142857143,0.1999802813436624,20,0.9642857142857143
81,0.7857142857142857,0.009556523911004837,59,0.7857142857142857
82,1.0,0.028594713792424818,17,1.0
83,0.07142857142857142,0.005035617206903545,7,0.07142857142857142
84,0.8214285714285714,0.01169778753035144,42,0.8214285714285714
85,1.0,0.03600522541256165,11,1.0
86,1.0,0.06584420880244259,5,1.0
87,0.75,0.10394814163693233,91,0.75
88,1.0,0.16018275916804933,15,1.0
89,0.8214285714285714,0.007243601283106298,26,0.8214285714285714
90,0.39285714285714285,0.003335310169585575,22,0.39285714285714285
91,1.0,0.027364552087708202,10,1.0
92,1.0,0.03539658585851732,7,1.0
93,1.0,0.017310653570140142,4,1.0
94,1.0,0.0458300734897358,13,1.0
95,1.0,0.06310434177556391,19,1.0
96,1.0,0.011588793603717533,8,1.0
97,1.0,39.283281334747855,3,1.0
98,0.75,0.0787934867540472,116,0.75
99,0.8928571428571429,0.13162740709345175,30,0.8928571428571429
100,1.0,0.024466148693428932,16,1.0
101,1.0,0.04228313328504824,10,1.0
102,1.0,0.11015471608850626,1,1.0
103,1.0,0.06962066069653354,12,1.0
104,1.0,0.019016502371110477,7,1.0
105,1.0,0.06019781007477101,14,1.0
106,0.7857142857142857,0.030043054258191836,72,0.7857142857142857
107,1.0,0.08586860958490966,5,1.0
108,1.0,0.17985049925457783,19,1.0
109,1.0,0.04272896446877543,9,1.0
110,0.8214285714285714,0.5930650995914518,24,0.8214285714285714
111,1.0,0.05248891066220502,3,1.0
112,1.0,0.12377811459459664,11,1.0
113,1.0,0.03253963051956485,8,1.0
114,1.0,0.08972674046158412,15,1.0
115,1.0,0.013394343889513771,4,1.0
116,1.0,0.05475444659298288,1,1.0
117,1.0,0.024522025484861886,12,1.0
118,0.9642857142857143,0.3172006482917822,21,0.9642857142857143
119,1.0,0.07883101173872795,6,1.0
120,1.0,0.04416724994266629,16,1.0
121,1.0,0.21844480766710972,9,1.0
122,1.0,0.15771028987619992,18,1.0
123,1.0,0.09678968142777533,13,1.0
124,1.0,0.06785286148915375,6,1.0
125,1.0,0.03625424287678,10,1.0
126,0.8571428571428571,0.020925689720220103,28,0.8571428571428571
127,1.0,0.05351920063284585,3,1.0
128,0.7142857142857143,2.3513349431370654,18,0.7142857142857143
129,0.6071428571428571,0.007669528243158359,8,0.6071428571428571
130,1.0,0.02876424030123552,14,1.0
131,1.0,0.017928110770990872,1,1.0
132,1.0,0.11637086567001774,6,1.0
133,1.0,0.03980325108122797,11,1.0
134,0.9285714285714286,0.07399293414254272,23,0.9285714285714286
135,1.0,0.023291855347241357,4,1.0
136,1.0,0.04836400800480098,9,1.0
137,1.0,0.06007651181940388,16,1.0
138,1.0,0.015292218721930404,7,1.0
139,1.0,0.03050016239326702,12,1.0
140,1.0,0.010805852723374823,19,1.0
141,0.8214285714285714,0.005239166080095627,14,0.8214285714285714
142,0.2857142857142857,0.0025566587952397424,1,0.2857142857142857
143,1.0,0.01350616976763836,4,1.0
144,1.0,0.008241271425615192,21,1.0
145,0.8928571428571429,0.09708894535269101,56,0.8928571428571429
146,1.0,0.075256453359857,8,1.0
147,1.0,0.13592447014976097,15,1.0
148,0.8571428571428571,0.038027018915071945,49,0.8571428571428571
149,1.0,0.01928680486824997,11,1.0
150,0.39285714285714285,0.006397460816174762,5,0.39285714285714285
151,1.0,0.16254226331485863,3,1.0
152,1.0,0.24255039009183998,7,1.0
153,1.0,0.05696314465299382,10,1.0
154,1.0,0.09807645703162543,1,1.0
155,1.0,0.18712192436553265,14,1.0
156,0.7857142857142857,0.009716671527757913,104,0.7857142857142857
157,1.0,0.08009056061611561,4,1.0
158,0.75,0.0040797602956298175,131,0.75
159,1.0,0.02604699552596504,17,1.0
160,1.0,0.11338926831845665,8,1.0
161,1.0,0.04759442402838971,6,1.0
162,1.0,0.05578715511917427,10,1.0
163,1.0,0.033172951734655176,12,1.0
164,1.0,0.06858606106783029,5,1.0
165,1.0,0.045105342433717596,8,1.0
166,1.0,0.08795190168414324,13,1.0
167,1.0,0.04033561064482773,1,1.0
168,1.0,0.13285513934474835,17,1.0
169,1.0,0.023710922189647304,5,1.0
170,1.0,0.06319399774719478,10,1.0
171,1.0,0.05016564032816467,13,1.0
172,0.9642857142857143,0.03179354863163234,21,0.9642857142857143
173,1.0,0.014899925564755065,8,1.0
174,1.0,0.0363013745676373,3,1.0
175,0.75,0.0767711952757508,83,0.75
176,1.0,0.10718383638435125,15,1.0
177,1.0,0.021049556127733682,6,1.0
178,1.0,0.060215710690504076,11,1.0
179,1.0,0.026444793003598872,18,1.0
180,0.8214285714285714,0.0457712329567778,64,0.8214285714285714
181,1.0,0.3965773116165729,1,1.0
182,1.0,0.4360454137707161,4,1.0
183,1.0,0.3036806286342846,8,1.0
184,1.0,0.196948576550851,3,1.0
185,1.0,0.01229947467120593,12,1.0
186,1.0,0.8083731432508617,7,1.0
187,1.0,0.1391922340442141,1,1.0
188,0.9285714285714286,0.07694176578667064,25,0.9285714285714286
189,1.0,0.08974505078557735,10,1.0
190,1.0,0.017178474760736903,15,1.0
191,1.0,0.031522633459073156,13,1.0
192,1.0,0.03805266800993684,5,1.0
193,0.7857142857142857,0.0085424958698805,9,0.7857142857142857
194,1.0,0.05671207724620942,6,1.0
195,1.0,0.023817788474650638,18,1.0
196,1.0,0.04670855023195931,12,1.0
197,1.0,0.06857625469986188,4,1.0
198,1.0,0.018812194846519078,9,1.0
199,1.0,0.1093186144632914,15,1.0
